# JRE version: OpenJDK Runtime Environment (11.0.10) (build 11.0.10+0-b96-7249189)
# Java VM: OpenJDK 64-Bit Server VM (11.0.10+0-b96-7249189, mixed mode, tiered, compressed oops, g1 gc, windows-amd64)
Heap:
 garbage-first heap   total 260096K, used 112904K [0x0000000080000000, 0x0000000100000000)
  region size 1024K, 36 young (36864K), 14 survivors (14336K)
 Metaspace       used 96759K, capacity 99242K, committed 99404K, reserved 1134592K
  class space    used 12381K, capacity 13275K, committed 13388K, reserved 1048576K
GC Heap History (20 events):
Event: 2.343 GC heap before
{Heap before GC invocations=3 (full 0):
 garbage-first heap   total 260096K, used 51234K [0x0000000080000000, 0x0000000100000000)
  region size 1024K, 45 young (46080K), 10 survivors (10240K)
 Metaspace       used 23983K, capacity 24662K, committed 24832K, reserved 1071104K
  class space    used 3079K, capacity 3289K, committed 3328K, reserved 1048576K
}
Event: 2.348 GC heap after
{Heap after GC invocations=4 (full 0):
 garbage-first heap   total 260096K, used 17500K [0x0000000080000000, 0x0000000100000000)
  region size 1024K, 2 young (2048K), 2 survivors (2048K)
 Metaspace       used 23983K, capacity 24662K, committed 24832K, reserved 1071104K
  class space    used 3079K, capacity 3289K, committed 3328K, reserved 1048576K
}
Event: 3.296 GC heap before
{Heap before GC invocations=4 (full 0):
 garbage-first heap   total 260096K, used 93276K [0x0000000080000000, 0x0000000100000000)
  region size 1024K, 77 young (78848K), 2 survivors (2048K)
 Metaspace       used 34997K, capacity 35822K, committed 35840K, reserved 1081344K
  class space    used 4538K, capacity 4864K, committed 4864K, reserved 1048576K
}
Event: 3.303 GC heap after
{Heap after GC invocations=5 (full 0):
 garbage-first heap   total 260096K, used 21484K [0x0000000080000000, 0x0000000100000000)
  region size 1024K, 6 young (6144K), 6 survivors (6144K)
 Metaspace       used 34997K, capacity 35822K, committed 35840K, reserved 1081344K
  class space    used 4538K, capacity 4864K, committed 4864K, reserved 1048576K
}
Event: 4.359 GC heap before
{Heap before GC invocations=6 (full 0):
 garbage-first heap   total 260096K, used 129004K [0x0000000080000000, 0x0000000100000000)
  region size 1024K, 107 young (109568K), 6 survivors (6144K)
 Metaspace       used 43469K, capacity 44460K, committed 44620K, reserved 1087488K
  class space    used 5551K, capacity 5898K, committed 5964K, reserved 1048576K
}
Event: 4.368 GC heap after
{Heap after GC invocations=7 (full 0):
 garbage-first heap   total 260096K, used 27685K [0x0000000080000000, 0x0000000100000000)
  region size 1024K, 12 young (12288K), 12 survivors (12288K)
 Metaspace       used 43469K, capacity 44460K, committed 44620K, reserved 1087488K
  class space    used 5551K, capacity 5898K, committed 5964K, reserved 1048576K
}
Event: 6.036 GC heap before
{Heap before GC invocations=7 (full 0):
 garbage-first heap   total 260096K, used 162853K [0x0000000080000000, 0x0000000100000000)
  region size 1024K, 137 young (140288K), 12 survivors (12288K)
 Metaspace       used 53917K, capacity 55349K, committed 55628K, reserved 1097728K
  class space    used 6858K, capacity 7397K, committed 7500K, reserved 1048576K
}
Event: 6.048 GC heap after
{Heap after GC invocations=8 (full 0):
 garbage-first heap   total 260096K, used 46683K [0x0000000080000000, 0x0000000100000000)
  region size 1024K, 17 young (17408K), 17 survivors (17408K)
 Metaspace       used 53917K, capacity 55349K, committed 55628K, reserved 1097728K
  class space    used 6858K, capacity 7397K, committed 7500K, reserved 1048576K
}
Event: 6.474 GC heap before
{Heap before GC invocations=8 (full 0):
 garbage-first heap   total 260096K, used 75355K [0x0000000080000000, 0x0000000100000000)
  region size 1024K, 46 young (47104K), 17 survivors (17408K)
 Metaspace       used 58713K, capacity 60160K, committed 60236K, reserved 1101824K
  class space    used 7449K, capacity 7996K, committed 8012K, reserved 1048576K
}
Event: 6.494 GC heap after
{Heap after GC invocations=9 (full 0):
 garbage-first heap   total 260096K, used 49522K [0x0000000080000000, 0x0000000100000000)
  region size 1024K, 3 young (3072K), 3 survivors (3072K)
 Metaspace       used 58713K, capacity 60160K, committed 60236K, reserved 1101824K
  class space    used 7449K, capacity 7996K, committed 8012K, reserved 1048576K
}
Event: 7.646 GC heap before
{Heap before GC invocations=10 (full 0):
 garbage-first heap   total 260096K, used 163186K [0x0000000080000000, 0x0000000100000000)
  region size 1024K, 114 young (116736K), 3 survivors (3072K)
 Metaspace       used 67096K, capacity 68647K, committed 68812K, reserved 1110016K
  class space    used 8517K, capacity 9080K, committed 9164K, reserved 1048576K
}
Event: 7.663 GC heap after
{Heap after GC invocations=11 (full 0):
 garbage-first heap   total 260096K, used 57235K [0x0000000080000000, 0x0000000100000000)
  region size 1024K, 11 young (11264K), 11 survivors (11264K)
 Metaspace       used 67096K, capacity 68647K, committed 68812K, reserved 1110016K
  class space    used 8517K, capacity 9080K, committed 9164K, reserved 1048576K
}
Event: 9.473 GC heap before
{Heap before GC invocations=12 (full 0):
 garbage-first heap   total 260096K, used 171923K [0x0000000080000000, 0x0000000100000000)
  region size 1024K, 123 young (125952K), 11 survivors (11264K)
 Metaspace       used 79093K, capacity 80946K, committed 81100K, reserved 1120256K
  class space    used 10260K, capacity 10927K, committed 10956K, reserved 1048576K
}
Event: 9.485 GC heap after
{Heap after GC invocations=13 (full 0):
 garbage-first heap   total 260096K, used 64591K [0x0000000080000000, 0x0000000100000000)
  region size 1024K, 8 young (8192K), 8 survivors (8192K)
 Metaspace       used 79093K, capacity 80946K, committed 81100K, reserved 1120256K
  class space    used 10260K, capacity 10927K, committed 10956K, reserved 1048576K
}
Event: 10.957 GC heap before
{Heap before GC invocations=13 (full 0):
 garbage-first heap   total 260096K, used 197711K [0x0000000080000000, 0x0000000100000000)
  region size 1024K, 122 young (124928K), 8 survivors (8192K)
 Metaspace       used 84779K, capacity 86908K, committed 87116K, reserved 1124352K
  class space    used 10984K, capacity 11772K, committed 11852K, reserved 1048576K
}
Event: 10.972 GC heap after
{Heap after GC invocations=14 (full 0):
 garbage-first heap   total 260096K, used 69801K [0x0000000080000000, 0x0000000100000000)
  region size 1024K, 13 young (13312K), 13 survivors (13312K)
 Metaspace       used 84779K, capacity 86908K, committed 87116K, reserved 1124352K
  class space    used 10984K, capacity 11772K, committed 11852K, reserved 1048576K
}
Event: 11.828 GC heap before
{Heap before GC invocations=14 (full 0):
 garbage-first heap   total 260096K, used 187561K [0x0000000080000000, 0x0000000100000000)
  region size 1024K, 129 young (132096K), 13 survivors (13312K)
 Metaspace       used 89896K, capacity 92064K, committed 92364K, reserved 1128448K
  class space    used 11563K, capacity 12355K, committed 12492K, reserved 1048576K
}
Event: 11.841 GC heap after
{Heap after GC invocations=15 (full 0):
 garbage-first heap   total 260096K, used 74941K [0x0000000080000000, 0x0000000100000000)
  region size 1024K, 11 young (11264K), 11 survivors (11264K)
 Metaspace       used 89896K, capacity 92064K, committed 92364K, reserved 1128448K
  class space    used 11563K, capacity 12355K, committed 12492K, reserved 1048576K
}
Event: 14.616 GC heap before
{Heap before GC invocations=15 (full 0):
 garbage-first heap   total 260096K, used 193725K [0x0000000080000000, 0x0000000100000000)
  region size 1024K, 128 young (131072K), 11 survivors (11264K)
 Metaspace       used 95166K, capacity 97450K, committed 97612K, reserved 1134592K
  class space    used 12165K, capacity 13008K, committed 13132K, reserved 1048576K
}
Event: 14.630 GC heap after
{Heap after GC invocations=16 (full 0):
 garbage-first heap   total 260096K, used 83208K [0x0000000080000000, 0x0000000100000000)
  region size 1024K, 14 young (14336K), 14 survivors (14336K)
 Metaspace       used 95166K, capacity 97450K, committed 97612K, reserved 1134592K
  class space    used 12165K, capacity 13008K, committed 13132K, reserved 1048576K
}

